2025-03-07 12:36:10.710 [restartedMain] INFO  c.S.q.QuizServiceApplication - Starting QuizServiceApplication using Java 23.0.1 with PID 17256 (D:\SpringBoot\quizService\target\classes started by arghya in D:\SpringBoot\quizService)
2025-03-07 12:36:10.712 [restartedMain] INFO  c.S.q.QuizServiceApplication - No active profile set, falling back to 1 default profile: "default"
2025-03-07 12:36:19.081 [restartedMain] INFO  c.S.q.QuizServiceApplication - Started QuizServiceApplication in 9.473 seconds (process running for 11.178)
2025-03-07 12:36:19.804 [http-nio-8080-exec-1] INFO  c.SF.quizService.service.QuizService - getQuestionsBySubtopic called with parameters: opMode = 1, subtopicId = 1
2025-03-07 12:36:24.978 [http-nio-8080-exec-2] INFO  c.SF.quizService.service.QuizService - startQuizSession called with parameters: opMode = 1, studentId = 1
2025-03-07 12:36:27.677 [http-nio-8080-exec-4] INFO  c.SF.quizService.service.QuizService - submitQuizAnswer called with parameters: opMode = 3, sessionId = 33, quizAnswerDto = QuizAnswerDto{quizId=62, studentAnswer=2}
2025-03-07 12:36:29.743 [http-nio-8080-exec-3] INFO  c.SF.quizService.service.QuizService - submitQuizAnswer called with parameters: opMode = 3, sessionId = 33, quizAnswerDto = QuizAnswerDto{quizId=71, studentAnswer=3}
2025-03-07 12:36:31.190 [http-nio-8080-exec-5] INFO  c.SF.quizService.service.QuizService - submitQuizAnswer called with parameters: opMode = 3, sessionId = 33, quizAnswerDto = QuizAnswerDto{quizId=65, studentAnswer=4}
2025-03-07 12:36:32.858 [http-nio-8080-exec-7] INFO  c.SF.quizService.service.QuizService - submitQuizAnswer called with parameters: opMode = 3, sessionId = 33, quizAnswerDto = QuizAnswerDto{quizId=74, studentAnswer=4}
2025-03-07 12:36:34.241 [http-nio-8080-exec-6] INFO  c.SF.quizService.service.QuizService - submitQuizAnswer called with parameters: opMode = 3, sessionId = 33, quizAnswerDto = QuizAnswerDto{quizId=63, studentAnswer=4}
2025-03-07 12:36:36.092 [http-nio-8080-exec-10] INFO  c.SF.quizService.service.QuizService - submitQuizAnswer called with parameters: opMode = 3, sessionId = 33, quizAnswerDto = QuizAnswerDto{quizId=64, studentAnswer=4}
2025-03-07 12:36:37.558 [http-nio-8080-exec-8] INFO  c.SF.quizService.service.QuizService - submitQuizAnswer called with parameters: opMode = 3, sessionId = 33, quizAnswerDto = QuizAnswerDto{quizId=66, studentAnswer=0}
2025-03-07 12:36:39.089 [http-nio-8080-exec-9] INFO  c.SF.quizService.service.QuizService - endQuizSession called with parameters: opMode = 2, sessionId = 33
2025-03-07 12:36:40.405 [http-nio-8080-exec-1] INFO  c.SF.quizService.service.QuizService - viewQuizReport called with parameters: opMode = 4, sessionId = 33
2025-03-07 12:36:40.424 [http-nio-8080-exec-1] INFO  c.SF.quizService.service.QuizService - getQuizAnalysis called with parameters: opMode = 5, sessionId = 33
2025-03-07 12:36:43.566 [http-nio-8080-exec-1] INFO  c.S.q.service.QuizAIService - Quiz Report Analysis generated with cost: Prompt Tokens: 426, Response Tokens: 81, Total Tokens: 507
2025-03-07 12:36:43.566 [http-nio-8080-exec-1] INFO  c.SF.quizService.service.QuizService - insertQuizAnalysis called with parameters: opMode = 6, sessionId = 33 and analysis
2025-03-07 12:36:45.270 [http-nio-8080-exec-2] INFO  c.SF.quizService.service.QuizService - viewQuizReport called with parameters: opMode = 4, sessionId = 33
2025-03-07 12:36:45.270 [http-nio-8080-exec-2] INFO  c.SF.quizService.service.QuizService - getQuizAnalysis called with parameters: opMode = 5, sessionId = 33
2025-03-07 20:07:32.473 [restartedMain] INFO  c.S.q.QuizServiceApplication - Starting QuizServiceApplication using Java 23.0.1 with PID 4404 (D:\SpringBoot\quizService\target\classes started by arghya in D:\SpringBoot\quizService)
2025-03-07 20:07:32.477 [restartedMain] INFO  c.S.q.QuizServiceApplication - No active profile set, falling back to 1 default profile: "default"
2025-03-07 20:07:41.795 [restartedMain] INFO  c.S.q.QuizServiceApplication - Started QuizServiceApplication in 9.886 seconds (process running for 10.859)
2025-03-07 20:08:54.658 [http-nio-8080-exec-2] INFO  c.SF.quizService.service.QuizService - getQuestionsBySubtopic called with parameters: opMode = 7, subtopicId = 4
2025-03-07 20:09:47.238 [restartedMain] INFO  c.S.q.QuizServiceApplication - Starting QuizServiceApplication using Java 23.0.1 with PID 12784 (D:\SpringBoot\quizService\target\classes started by arghya in D:\SpringBoot\quizService)
2025-03-07 20:09:47.247 [restartedMain] INFO  c.S.q.QuizServiceApplication - No active profile set, falling back to 1 default profile: "default"
2025-03-07 20:09:52.587 [restartedMain] INFO  c.S.q.QuizServiceApplication - Started QuizServiceApplication in 5.763 seconds (process running for 6.553)
2025-03-07 20:10:17.951 [http-nio-8080-exec-1] INFO  c.SF.quizService.service.QuizService - getQuestionsBySubtopic called with parameters: opMode = 7, subtopicId = 1
2025-03-07 20:10:20.207 [http-nio-8080-exec-2] INFO  c.SF.quizService.service.QuizService - startQuizSession called with parameters: opMode = 1, studentId = 1
2025-03-07 20:10:22.837 [http-nio-8080-exec-4] INFO  c.SF.quizService.service.QuizService - submitQuizAnswer called with parameters: opMode = 3, sessionId = 34, quizAnswerDto = QuizAnswerDto{quizId=75, studentAnswer=2}
2025-03-07 20:10:24.866 [http-nio-8080-exec-5] INFO  c.SF.quizService.service.QuizService - submitQuizAnswer called with parameters: opMode = 3, sessionId = 34, quizAnswerDto = QuizAnswerDto{quizId=64, studentAnswer=4}
2025-03-07 20:10:34.442 [http-nio-8080-exec-8] INFO  c.SF.quizService.service.QuizService - submitQuizAnswer called with parameters: opMode = 3, sessionId = 34, quizAnswerDto = QuizAnswerDto{quizId=72, studentAnswer=4}
2025-03-07 20:10:43.918 [http-nio-8080-exec-9] INFO  c.SF.quizService.service.QuizService - submitQuizAnswer called with parameters: opMode = 3, sessionId = 34, quizAnswerDto = QuizAnswerDto{quizId=70, studentAnswer=4}
2025-03-07 20:10:45.844 [http-nio-8080-exec-10] INFO  c.SF.quizService.service.QuizService - submitQuizAnswer called with parameters: opMode = 3, sessionId = 34, quizAnswerDto = QuizAnswerDto{quizId=65, studentAnswer=4}
2025-03-07 20:10:47.511 [http-nio-8080-exec-1] INFO  c.SF.quizService.service.QuizService - submitQuizAnswer called with parameters: opMode = 3, sessionId = 34, quizAnswerDto = QuizAnswerDto{quizId=69, studentAnswer=4}
2025-03-07 20:10:48.983 [http-nio-8080-exec-2] INFO  c.SF.quizService.service.QuizService - submitQuizAnswer called with parameters: opMode = 3, sessionId = 34, quizAnswerDto = QuizAnswerDto{quizId=73, studentAnswer=4}
2025-03-07 20:10:50.948 [http-nio-8080-exec-4] INFO  c.SF.quizService.service.QuizService - endQuizSession called with parameters: opMode = 2, sessionId = 34
2025-03-07 20:10:57.064 [http-nio-8080-exec-5] INFO  c.SF.quizService.service.QuizService - viewQuizReport called with parameters: opMode = 4, sessionId = 34
2025-03-07 20:10:57.085 [http-nio-8080-exec-5] INFO  c.SF.quizService.service.QuizService - getQuizAnalysis called with parameters: opMode = 5, sessionId = 34
2025-03-07 20:11:00.903 [http-nio-8080-exec-5] INFO  c.S.q.service.QuizAIService - Quiz Report Analysis generated with cost: Prompt Tokens: 425, Response Tokens: 52, Total Tokens: 477
2025-03-07 20:11:00.903 [http-nio-8080-exec-5] INFO  c.SF.quizService.service.QuizService - insertQuizAnalysis called with parameters: opMode = 6, sessionId = 34 and analysis
2025-03-07 20:11:30.297 [http-nio-8080-exec-6] INFO  c.SF.quizService.service.QuizService - viewQuizReport called with parameters: opMode = 4, sessionId = 34
2025-03-07 20:11:30.314 [http-nio-8080-exec-6] INFO  c.SF.quizService.service.QuizService - getQuizAnalysis called with parameters: opMode = 5, sessionId = 34
2025-03-07 22:05:57.113 [restartedMain] INFO  c.S.q.QuizServiceApplication - Starting QuizServiceApplication using Java 23.0.1 with PID 17160 (D:\SpringBoot\quizService\target\classes started by arghya in D:\SpringBoot\quizService)
2025-03-07 22:05:57.113 [restartedMain] INFO  c.S.q.QuizServiceApplication - No active profile set, falling back to 1 default profile: "default"
2025-03-07 22:06:02.944 [restartedMain] INFO  c.S.q.QuizServiceApplication - Started QuizServiceApplication in 6.263 seconds (process running for 7.001)
2025-03-07 22:07:08.136 [restartedMain] INFO  c.S.q.QuizServiceApplication - Starting QuizServiceApplication using Java 23.0.1 with PID 13352 (D:\SpringBoot\quizService\target\classes started by arghya in D:\SpringBoot\quizService)
2025-03-07 22:07:08.136 [restartedMain] INFO  c.S.q.QuizServiceApplication - No active profile set, falling back to 1 default profile: "default"
2025-03-07 22:07:13.542 [restartedMain] INFO  c.S.q.QuizServiceApplication - Started QuizServiceApplication in 5.87 seconds (process running for 6.638)
2025-03-07 22:07:51.768 [http-nio-8080-exec-1] INFO  c.SF.quizService.service.QuizService - getQuestionByQuizId called with parameters: opMode = 9, quizId = 70
2025-03-07 22:07:56.238 [http-nio-8080-exec-1] INFO  c.S.q.service.QuizAIService - Quiz Report Analysis generated with cost: Prompt Tokens: 35, Response Tokens: 65, Total Tokens: 100
2025-03-07 22:10:17.199 [restartedMain] INFO  c.S.q.QuizServiceApplication - Starting QuizServiceApplication using Java 23.0.1 with PID 7260 (D:\SpringBoot\quizService\target\classes started by arghya in D:\SpringBoot\quizService)
2025-03-07 22:10:17.201 [restartedMain] INFO  c.S.q.QuizServiceApplication - No active profile set, falling back to 1 default profile: "default"
2025-03-07 22:10:22.864 [restartedMain] INFO  c.S.q.QuizServiceApplication - Started QuizServiceApplication in 6.076 seconds (process running for 6.827)
2025-03-07 22:10:27.277 [http-nio-8080-exec-1] INFO  c.SF.quizService.service.QuizService - getQuestionByQuizId called with parameters: opMode = 9, quizId = 70
2025-03-07 22:10:27.453 [http-nio-8080-exec-1] INFO  c.S.q.controller.QuizController - A triple bond is present in:
2025-03-07 22:10:30.961 [http-nio-8080-exec-1] INFO  c.S.q.service.QuizAIService - Quiz Report Analysis generated with cost: Prompt Tokens: 21, Response Tokens: 73, Total Tokens: 94
2025-03-07 22:30:55.271 [restartedMain] INFO  c.S.q.QuizServiceApplication - Starting QuizServiceApplication using Java 23.0.1 with PID 816 (D:\SpringBoot\quizService\target\classes started by arghya in D:\SpringBoot\quizService)
2025-03-07 22:30:55.287 [restartedMain] INFO  c.S.q.QuizServiceApplication - No active profile set, falling back to 1 default profile: "default"
2025-03-07 22:31:00.989 [restartedMain] INFO  c.S.q.QuizServiceApplication - Started QuizServiceApplication in 6.14 seconds (process running for 6.904)
2025-03-07 22:31:04.394 [http-nio-8080-exec-2] INFO  c.SF.quizService.service.QuizService - getQuestionByQuizId called with parameters: opMode = 9, quizId = 70
2025-03-07 22:31:04.585 [http-nio-8080-exec-2] INFO  c.S.q.controller.QuizController - A triple bond is present in:
2025-03-07 22:31:08.022 [http-nio-8080-exec-2] INFO  c.S.q.service.QuizAIService - Quiz Report Analysis generated with cost: Prompt Tokens: 29, Response Tokens: 52, Total Tokens: 81
2025-03-07 22:31:14.646 [http-nio-8080-exec-4] INFO  c.SF.quizService.service.QuizService - getQuestionByQuizId called with parameters: opMode = 9, quizId = 75
2025-03-07 22:31:14.659 [http-nio-8080-exec-4] INFO  c.S.q.controller.QuizController - The simplest molecule formed by sharing of electrons is:
2025-03-07 22:31:15.627 [http-nio-8080-exec-4] INFO  c.S.q.service.QuizAIService - Quiz Report Analysis generated with cost: Prompt Tokens: 32, Response Tokens: 49, Total Tokens: 81
2025-03-07 22:31:23.781 [http-nio-8080-exec-5] INFO  c.SF.quizService.service.QuizService - getQuestionByQuizId called with parameters: opMode = 9, quizId = 60
2025-03-07 22:31:54.253 [http-nio-8080-exec-7] INFO  c.SF.quizService.service.QuizService - getQuestionByQuizId called with parameters: opMode = 9, quizId = 80
2025-03-07 22:31:54.317 [http-nio-8080-exec-7] INFO  c.S.q.controller.QuizController - Alkanes contain:
2025-03-07 22:31:55.324 [http-nio-8080-exec-7] INFO  c.S.q.service.QuizAIService - Quiz Report Analysis generated with cost: Prompt Tokens: 27, Response Tokens: 54, Total Tokens: 81
2025-03-07 22:31:59.856 [http-nio-8080-exec-6] INFO  c.SF.quizService.service.QuizService - getQuestionByQuizId called with parameters: opMode = 9, quizId = 90
2025-03-07 22:31:59.906 [http-nio-8080-exec-6] INFO  c.S.q.controller.QuizController - Which functional group is present in carboxylic acids?
2025-03-07 22:32:00.963 [http-nio-8080-exec-6] INFO  c.S.q.service.QuizAIService - Quiz Report Analysis generated with cost: Prompt Tokens: 31, Response Tokens: 49, Total Tokens: 80
2025-03-07 22:32:38.823 [restartedMain] INFO  c.S.q.QuizServiceApplication - Starting QuizServiceApplication using Java 23.0.1 with PID 15720 (D:\SpringBoot\quizService\target\classes started by arghya in D:\SpringBoot\quizService)
2025-03-07 22:32:38.827 [restartedMain] INFO  c.S.q.QuizServiceApplication - No active profile set, falling back to 1 default profile: "default"
2025-03-07 22:32:44.768 [restartedMain] INFO  c.S.q.QuizServiceApplication - Started QuizServiceApplication in 6.388 seconds (process running for 7.13)
2025-03-07 22:32:51.137 [http-nio-8080-exec-2] INFO  c.SF.quizService.service.QuizService - getQuestionByQuizId called with parameters: opMode = 9, quizId = 90
2025-03-07 22:32:51.301 [http-nio-8080-exec-2] INFO  c.S.q.controller.QuizController - Which functional group is present in carboxylic acids?
2025-03-07 22:32:53.352 [http-nio-8080-exec-2] INFO  c.S.q.service.QuizAIService - Quiz Report Analysis generated with cost: Prompt Tokens: 37, Response Tokens: 83, Total Tokens: 120
2025-03-07 22:32:58.465 [http-nio-8080-exec-3] INFO  c.SF.quizService.service.QuizService - getQuestionByQuizId called with parameters: opMode = 9, quizId = 90
2025-03-07 22:32:58.476 [http-nio-8080-exec-3] INFO  c.S.q.controller.QuizController - Which functional group is present in carboxylic acids?
2025-03-07 22:32:59.617 [http-nio-8080-exec-3] INFO  c.S.q.service.QuizAIService - Quiz Report Analysis generated with cost: Prompt Tokens: 37, Response Tokens: 82, Total Tokens: 119
2025-03-07 22:33:04.534 [http-nio-8080-exec-4] INFO  c.SF.quizService.service.QuizService - getQuestionByQuizId called with parameters: opMode = 9, quizId = 105
2025-03-07 22:33:04.600 [http-nio-8080-exec-4] INFO  c.S.q.controller.QuizController - Which hydrocarbon reacts with bromine water without heating?
2025-03-07 22:33:06.248 [http-nio-8080-exec-4] INFO  c.S.q.service.QuizAIService - Quiz Report Analysis generated with cost: Prompt Tokens: 37, Response Tokens: 111, Total Tokens: 148
2025-03-07 22:33:29.121 [http-nio-8080-exec-7] INFO  c.SF.quizService.service.QuizService - getQuestionByQuizId called with parameters: opMode = 9, quizId = 75
2025-03-07 22:33:29.187 [http-nio-8080-exec-7] INFO  c.S.q.controller.QuizController - The simplest molecule formed by sharing of electrons is:
2025-03-07 22:33:30.292 [http-nio-8080-exec-7] INFO  c.S.q.service.QuizAIService - Quiz Report Analysis generated with cost: Prompt Tokens: 38, Response Tokens: 73, Total Tokens: 111
2025-03-07 22:33:34.408 [http-nio-8080-exec-8] INFO  c.SF.quizService.service.QuizService - getQuestionByQuizId called with parameters: opMode = 9, quizId = 82
2025-03-07 22:33:34.414 [http-nio-8080-exec-8] INFO  c.S.q.controller.QuizController - Which of the following is an unsaturated hydrocarbon?
2025-03-07 22:33:35.544 [http-nio-8080-exec-8] INFO  c.S.q.service.QuizAIService - Quiz Report Analysis generated with cost: Prompt Tokens: 37, Response Tokens: 81, Total Tokens: 118
2025-03-07 22:33:38.283 [http-nio-8080-exec-9] INFO  c.SF.quizService.service.QuizService - getQuestionByQuizId called with parameters: opMode = 9, quizId = 105
2025-03-07 22:33:38.291 [http-nio-8080-exec-9] INFO  c.S.q.controller.QuizController - Which hydrocarbon reacts with bromine water without heating?
2025-03-07 22:33:39.402 [http-nio-8080-exec-9] INFO  c.S.q.service.QuizAIService - Quiz Report Analysis generated with cost: Prompt Tokens: 37, Response Tokens: 89, Total Tokens: 126
2025-03-07 22:33:44.158 [http-nio-8080-exec-6] INFO  c.SF.quizService.service.QuizService - getQuestionByQuizId called with parameters: opMode = 9, quizId = 89
2025-03-07 22:33:44.168 [http-nio-8080-exec-6] INFO  c.S.q.controller.QuizController - The simplest alkyne is:
2025-03-07 22:33:45.341 [http-nio-8080-exec-6] INFO  c.S.q.service.QuizAIService - Quiz Report Analysis generated with cost: Prompt Tokens: 34, Response Tokens: 91, Total Tokens: 125
2025-03-07 22:33:49.665 [http-nio-8080-exec-5] INFO  c.SF.quizService.service.QuizService - getQuestionByQuizId called with parameters: opMode = 9, quizId = 152
2025-03-07 22:36:39.241 [restartedMain] INFO  c.S.q.QuizServiceApplication - Starting QuizServiceApplication using Java 23.0.1 with PID 17624 (D:\SpringBoot\quizService\target\classes started by arghya in D:\SpringBoot\quizService)
2025-03-07 22:36:39.245 [restartedMain] INFO  c.S.q.QuizServiceApplication - No active profile set, falling back to 1 default profile: "default"
2025-03-07 22:36:44.738 [restartedMain] INFO  c.S.q.QuizServiceApplication - Started QuizServiceApplication in 5.918 seconds (process running for 6.649)
2025-03-07 22:36:48.362 [http-nio-8080-exec-1] INFO  c.SF.quizService.service.QuizService - getQuestionByQuizId called with parameters: opMode = 9, quizId = 152
2025-03-07 22:36:56.903 [http-nio-8080-exec-3] INFO  c.SF.quizService.service.QuizService - getQuestionByQuizId called with parameters: opMode = 9, quizId = 130
2025-03-07 22:36:56.917 [http-nio-8080-exec-3] INFO  c.S.q.controller.QuizController - Why does soap form lather in soft water but not in hard water?
2025-03-07 22:36:59.886 [http-nio-8080-exec-3] INFO  c.S.q.service.QuizAIService - Quiz Report Analysis generated with cost: Prompt Tokens: 43, Response Tokens: 92, Total Tokens: 135
2025-03-08 20:00:44.951 [restartedMain] INFO  c.S.q.QuizServiceApplication - Starting QuizServiceApplication using Java 23.0.1 with PID 2128 (D:\SpringBoot\quizService\target\classes started by arghya in D:\SpringBoot\quizService)
2025-03-08 20:00:44.953 [restartedMain] INFO  c.S.q.QuizServiceApplication - No active profile set, falling back to 1 default profile: "default"
2025-03-08 20:00:51.040 [restartedMain] INFO  c.S.q.QuizServiceApplication - Started QuizServiceApplication in 6.585 seconds (process running for 7.618)
2025-03-08 20:01:22.819 [http-nio-8080-exec-1] INFO  c.SF.quizService.service.QuizService - getQuestionByQuizId called with parameters: opMode = 9, quizId = 72
2025-03-08 20:01:22.944 [http-nio-8080-exec-1] INFO  c.S.q.controller.QuizController - Diamond and graphite are:
2025-03-08 20:01:26.321 [http-nio-8080-exec-1] INFO  c.S.q.service.QuizAIService - Quiz Report Analysis generated with cost: Prompt Tokens: 33, Response Tokens: 97, Total Tokens: 130
2025-03-08 20:04:33.748 [http-nio-8080-exec-4] INFO  c.SF.quizService.service.QuizService - getQuestionsBySubtopic called with parameters: opMode = 7, subtopicId = 4
2025-03-08 20:04:41.245 [http-nio-8080-exec-6] INFO  c.SF.quizService.service.QuizService - getQuestionsBySubtopic called with parameters: opMode = 7, subtopicId = 4
2025-03-08 20:04:42.868 [http-nio-8080-exec-7] INFO  c.SF.quizService.service.QuizService - getQuestionsBySubtopic called with parameters: opMode = 7, subtopicId = 4
2025-03-08 20:04:44.404 [http-nio-8080-exec-8] INFO  c.SF.quizService.service.QuizService - getQuestionsBySubtopic called with parameters: opMode = 7, subtopicId = 4
2025-03-08 20:11:58.250 [http-nio-8080-exec-1] INFO  c.SF.quizService.service.QuizService - getQuestionByQuizId called with parameters: opMode = 9, quizId = 150
2025-03-08 21:05:28.634 [restartedMain] INFO  c.S.q.QuizServiceApplication - Starting QuizServiceApplication using Java 23.0.1 with PID 7180 (D:\SpringBoot\quizService\target\classes started by arghya in D:\SpringBoot\quizService)
2025-03-08 21:05:28.637 [restartedMain] INFO  c.S.q.QuizServiceApplication - No active profile set, falling back to 1 default profile: "default"
2025-03-08 21:05:34.455 [restartedMain] INFO  c.S.q.QuizServiceApplication - Started QuizServiceApplication in 6.249 seconds (process running for 7.196)
2025-03-08 21:05:43.415 [http-nio-8080-exec-2] INFO  c.SF.quizService.service.QuizService - getQuestionsBySubtopic called with parameters: opMode = 7, subtopicId = 4
2025-03-08 21:05:43.586 [http-nio-8080-exec-2] INFO  c.SF.quizService.service.QuizService - getSubtopicNameBySubtopicId called with parameters: opMode = 4, subtopicId = 4
2025-03-11 12:49:50.525 [restartedMain] INFO  c.S.q.QuizServiceApplication - Starting QuizServiceApplication using Java 23.0.1 with PID 15452 (D:\SpringBoot\quizService\target\classes started by arghya in D:\SpringBoot\quizService)
2025-03-11 12:49:50.528 [restartedMain] INFO  c.S.q.QuizServiceApplication - No active profile set, falling back to 1 default profile: "default"
2025-03-11 12:49:58.297 [restartedMain] INFO  c.S.q.QuizServiceApplication - Started QuizServiceApplication in 8.389 seconds (process running for 9.65)
2025-03-11 12:50:13.150 [http-nio-8080-exec-1] INFO  c.SF.quizService.service.QuizService - getQuestionsBySubtopic called with parameters: opMode = 7, subtopicId = 1
2025-03-11 12:50:13.464 [http-nio-8080-exec-1] INFO  c.SF.quizService.service.QuizService - getSubtopicNameBySubtopicId called with parameters: opMode = 4, subtopicId = 1
2025-03-11 12:50:16.225 [http-nio-8080-exec-2] INFO  c.SF.quizService.service.QuizService - startQuizSession called with parameters: opMode = 1, studentId = 1
2025-03-11 12:50:44.983 [http-nio-8080-exec-3] INFO  c.SF.quizService.service.QuizService - getQuestionsBySubtopic called with parameters: opMode = 7, subtopicId = 1
2025-03-11 12:50:45.052 [http-nio-8080-exec-3] INFO  c.SF.quizService.service.QuizService - getSubtopicNameBySubtopicId called with parameters: opMode = 4, subtopicId = 1
2025-03-11 12:50:46.446 [http-nio-8080-exec-4] INFO  c.SF.quizService.service.QuizService - startQuizSession called with parameters: opMode = 1, studentId = 1
2025-03-11 21:12:52.845 [restartedMain] INFO  c.S.q.QuizServiceApplication - Starting QuizServiceApplication using Java 23.0.1 with PID 10976 (D:\SpringBoot\quizService\target\classes started by arghya in D:\SpringBoot\quizService)
2025-03-11 21:12:52.862 [restartedMain] INFO  c.S.q.QuizServiceApplication - No active profile set, falling back to 1 default profile: "default"
2025-03-11 21:13:01.035 [restartedMain] INFO  c.S.q.QuizServiceApplication - Started QuizServiceApplication in 8.752 seconds (process running for 9.851)
2025-03-11 21:13:06.226 [http-nio-8080-exec-2] INFO  c.SF.quizService.service.QuizService - getQuestionsBySubtopic called with parameters: opMode = 7, subtopicId = 1
2025-03-11 21:13:06.363 [http-nio-8080-exec-2] INFO  c.SF.quizService.service.QuizService - getSubtopicNameBySubtopicId called with parameters: opMode = 4, subtopicId = 1
2025-03-11 21:13:08.097 [http-nio-8080-exec-1] INFO  c.SF.quizService.service.QuizService - startQuizSession called with parameters: opMode = 1, studentId = 1
2025-03-11 21:16:03.777 [http-nio-8080-exec-5] INFO  c.SF.quizService.service.QuizService - getQuestionsBySubtopic called with parameters: opMode = 7, subtopicId = 1
2025-03-11 21:16:03.844 [http-nio-8080-exec-5] INFO  c.SF.quizService.service.QuizService - getSubtopicNameBySubtopicId called with parameters: opMode = 4, subtopicId = 1
2025-03-11 21:16:17.779 [http-nio-8080-exec-6] INFO  c.SF.quizService.service.QuizService - getQuestionsBySubtopic called with parameters: opMode = 7, subtopicId = 1
2025-03-11 21:16:17.804 [http-nio-8080-exec-6] INFO  c.SF.quizService.service.QuizService - getSubtopicNameBySubtopicId called with parameters: opMode = 4, subtopicId = 1
2025-03-11 21:16:22.428 [http-nio-8080-exec-7] INFO  c.SF.quizService.service.QuizService - getQuestionsBySubtopic called with parameters: opMode = 7, subtopicId = 1
2025-03-11 21:16:22.439 [http-nio-8080-exec-7] INFO  c.SF.quizService.service.QuizService - getSubtopicNameBySubtopicId called with parameters: opMode = 4, subtopicId = 1
2025-03-11 21:16:23.280 [http-nio-8080-exec-3] INFO  c.SF.quizService.service.QuizService - startQuizSession called with parameters: opMode = 1, studentId = 1
2025-03-11 21:16:46.766 [http-nio-8080-exec-10] INFO  c.SF.quizService.service.QuizService - getQuestionsBySubtopic called with parameters: opMode = 7, subtopicId = 1
2025-03-11 21:16:46.821 [http-nio-8080-exec-10] INFO  c.SF.quizService.service.QuizService - getSubtopicNameBySubtopicId called with parameters: opMode = 4, subtopicId = 1
2025-03-11 21:17:53.642 [http-nio-8080-exec-8] INFO  c.SF.quizService.service.QuizService - getQuestionsBySubtopic called with parameters: opMode = 7, subtopicId = 1
2025-03-11 21:17:53.695 [http-nio-8080-exec-8] INFO  c.SF.quizService.service.QuizService - getSubtopicNameBySubtopicId called with parameters: opMode = 4, subtopicId = 1
2025-03-11 21:17:54.447 [http-nio-8080-exec-5] INFO  c.SF.quizService.service.QuizService - startQuizSession called with parameters: opMode = 1, studentId = 1
2025-03-11 21:18:41.780 [http-nio-8080-exec-6] INFO  c.SF.quizService.service.QuizService - getQuestionsBySubtopic called with parameters: opMode = 7, subtopicId = 1
2025-03-11 21:18:41.829 [http-nio-8080-exec-6] INFO  c.SF.quizService.service.QuizService - getSubtopicNameBySubtopicId called with parameters: opMode = 4, subtopicId = 1
2025-03-11 21:18:42.994 [http-nio-8080-exec-7] INFO  c.SF.quizService.service.QuizService - startQuizSession called with parameters: opMode = 1, studentId = 1
2025-03-11 21:21:35.257 [http-nio-8080-exec-10] INFO  c.SF.quizService.service.QuizService - getQuestionsBySubtopic called with parameters: opMode = 7, subtopicId = 1
2025-03-11 21:21:35.329 [http-nio-8080-exec-10] INFO  c.SF.quizService.service.QuizService - getSubtopicNameBySubtopicId called with parameters: opMode = 4, subtopicId = 1
2025-03-11 21:21:36.820 [http-nio-8080-exec-2] INFO  c.SF.quizService.service.QuizService - startQuizSession called with parameters: opMode = 1, studentId = 1
2025-03-11 21:22:25.788 [http-nio-8080-exec-1] INFO  c.SF.quizService.service.QuizService - getQuestionsBySubtopic called with parameters: opMode = 7, subtopicId = 1
2025-03-11 21:22:25.837 [http-nio-8080-exec-1] INFO  c.SF.quizService.service.QuizService - getSubtopicNameBySubtopicId called with parameters: opMode = 4, subtopicId = 1
2025-03-11 21:22:31.575 [http-nio-8080-exec-4] INFO  c.SF.quizService.service.QuizService - startQuizSession called with parameters: opMode = 1, studentId = 1
2025-03-11 21:23:11.590 [http-nio-8080-exec-5] INFO  c.SF.quizService.service.QuizService - viewQuizReport called with parameters: opMode = 4, sessionId = 18
2025-03-11 21:23:11.603 [http-nio-8080-exec-5] INFO  c.SF.quizService.service.QuizService - getQuizAnalysis called with parameters: opMode = 5, sessionId = 18
2025-03-11 21:23:14.687 [http-nio-8080-exec-6] INFO  c.SF.quizService.service.QuizService - viewQuizReport called with parameters: opMode = 4, sessionId = 9
2025-03-11 21:23:14.693 [http-nio-8080-exec-6] INFO  c.SF.quizService.service.QuizService - getQuizAnalysis called with parameters: opMode = 5, sessionId = 9
2025-03-11 21:23:22.233 [http-nio-8080-exec-7] INFO  c.SF.quizService.service.QuizService - getQuestionsBySubtopic called with parameters: opMode = 7, subtopicId = 4
2025-03-11 21:23:22.283 [http-nio-8080-exec-7] INFO  c.SF.quizService.service.QuizService - getSubtopicNameBySubtopicId called with parameters: opMode = 4, subtopicId = 4
2025-03-11 21:24:56.262 [http-nio-8080-exec-1] INFO  c.SF.quizService.service.QuizService - getQuestionsBySubtopic called with parameters: opMode = 7, subtopicId = 1
2025-03-11 21:24:56.318 [http-nio-8080-exec-1] INFO  c.SF.quizService.service.QuizService - getSubtopicNameBySubtopicId called with parameters: opMode = 4, subtopicId = 1
2025-03-11 21:28:30.072 [http-nio-8080-exec-5] INFO  c.SF.quizService.service.QuizService - getQuestionsBySubtopic called with parameters: opMode = 7, subtopicId = 1
2025-03-11 21:28:30.148 [http-nio-8080-exec-5] INFO  c.SF.quizService.service.QuizService - getSubtopicNameBySubtopicId called with parameters: opMode = 4, subtopicId = 1
2025-03-11 21:28:44.868 [http-nio-8080-exec-6] INFO  c.SF.quizService.service.QuizService - getQuestionsBySubtopic called with parameters: opMode = 7, subtopicId = 1
2025-03-11 21:28:44.879 [http-nio-8080-exec-6] INFO  c.SF.quizService.service.QuizService - getSubtopicNameBySubtopicId called with parameters: opMode = 4, subtopicId = 1
2025-03-11 21:28:45.844 [http-nio-8080-exec-7] INFO  c.SF.quizService.service.QuizService - startQuizSession called with parameters: opMode = 1, studentId = 1
2025-03-11 21:29:15.954 [http-nio-8080-exec-10] INFO  c.SF.quizService.service.QuizService - getQuestionsBySubtopic called with parameters: opMode = 7, subtopicId = 1
2025-03-11 21:29:16.003 [http-nio-8080-exec-10] INFO  c.SF.quizService.service.QuizService - getSubtopicNameBySubtopicId called with parameters: opMode = 4, subtopicId = 1
2025-03-11 21:31:12.414 [http-nio-8080-exec-4] INFO  c.SF.quizService.service.QuizService - getQuestionsBySubtopic called with parameters: opMode = 7, subtopicId = 1
2025-03-11 21:31:12.436 [http-nio-8080-exec-4] INFO  c.SF.quizService.service.QuizService - getSubtopicNameBySubtopicId called with parameters: opMode = 4, subtopicId = 1
2025-03-11 21:31:13.658 [http-nio-8080-exec-5] INFO  c.SF.quizService.service.QuizService - startQuizSession called with parameters: opMode = 1, studentId = 1
2025-03-11 21:40:17.013 [http-nio-8080-exec-9] INFO  c.SF.quizService.service.QuizService - getQuestionsBySubtopic called with parameters: opMode = 7, subtopicId = 1
2025-03-11 21:40:17.034 [http-nio-8080-exec-9] INFO  c.SF.quizService.service.QuizService - getSubtopicNameBySubtopicId called with parameters: opMode = 4, subtopicId = 1
2025-03-11 21:40:21.732 [http-nio-8080-exec-3] INFO  c.SF.quizService.service.QuizService - startQuizSession called with parameters: opMode = 1, studentId = 1
2025-03-11 21:41:56.791 [http-nio-8080-exec-1] INFO  c.SF.quizService.service.QuizService - getQuestionsBySubtopic called with parameters: opMode = 7, subtopicId = 1
2025-03-11 21:41:56.808 [http-nio-8080-exec-1] INFO  c.SF.quizService.service.QuizService - getSubtopicNameBySubtopicId called with parameters: opMode = 4, subtopicId = 1
2025-03-11 21:41:59.233 [http-nio-8080-exec-8] INFO  c.SF.quizService.service.QuizService - getQuestionsBySubtopic called with parameters: opMode = 7, subtopicId = 1
2025-03-11 21:41:59.247 [http-nio-8080-exec-8] INFO  c.SF.quizService.service.QuizService - getSubtopicNameBySubtopicId called with parameters: opMode = 4, subtopicId = 1
2025-03-11 21:42:03.958 [http-nio-8080-exec-4] INFO  c.SF.quizService.service.QuizService - getQuestionsBySubtopic called with parameters: opMode = 7, subtopicId = 1
2025-03-11 21:42:03.963 [http-nio-8080-exec-4] INFO  c.SF.quizService.service.QuizService - getSubtopicNameBySubtopicId called with parameters: opMode = 4, subtopicId = 1
2025-03-11 21:44:50.777 [http-nio-8080-exec-6] INFO  c.SF.quizService.service.QuizService - getQuestionsBySubtopic called with parameters: opMode = 7, subtopicId = 1
2025-03-11 21:44:50.797 [http-nio-8080-exec-6] INFO  c.SF.quizService.service.QuizService - getSubtopicNameBySubtopicId called with parameters: opMode = 4, subtopicId = 1
2025-03-11 21:44:51.777 [http-nio-8080-exec-7] INFO  c.SF.quizService.service.QuizService - getQuestionsBySubtopic called with parameters: opMode = 7, subtopicId = 1
2025-03-11 21:44:51.780 [http-nio-8080-exec-7] INFO  c.SF.quizService.service.QuizService - getSubtopicNameBySubtopicId called with parameters: opMode = 4, subtopicId = 1
2025-03-11 21:44:54.395 [http-nio-8080-exec-9] INFO  c.SF.quizService.service.QuizService - getQuestionsBySubtopic called with parameters: opMode = 7, subtopicId = 1
2025-03-11 21:44:54.401 [http-nio-8080-exec-9] INFO  c.SF.quizService.service.QuizService - getSubtopicNameBySubtopicId called with parameters: opMode = 4, subtopicId = 1
2025-03-11 21:44:55.908 [http-nio-8080-exec-3] INFO  c.SF.quizService.service.QuizService - startQuizSession called with parameters: opMode = 1, studentId = 1
2025-03-11 21:47:59.535 [http-nio-8080-exec-8] INFO  c.SF.quizService.service.QuizService - submitQuizAnswer called with parameters: opMode = 3, sessionId = 46, quizAnswerDto = QuizAnswerDto{quizId=62, studentAnswer=2}
2025-03-11 21:48:00.889 [http-nio-8080-exec-4] INFO  c.SF.quizService.service.QuizService - submitQuizAnswer called with parameters: opMode = 3, sessionId = 46, quizAnswerDto = QuizAnswerDto{quizId=68, studentAnswer=4}
2025-03-11 21:48:01.490 [http-nio-8080-exec-5] INFO  c.SF.quizService.service.QuizService - submitQuizAnswer called with parameters: opMode = 3, sessionId = 46, quizAnswerDto = QuizAnswerDto{quizId=67, studentAnswer=4}
2025-03-11 21:48:02.091 [http-nio-8080-exec-6] INFO  c.SF.quizService.service.QuizService - submitQuizAnswer called with parameters: opMode = 3, sessionId = 46, quizAnswerDto = QuizAnswerDto{quizId=71, studentAnswer=4}
2025-03-11 21:48:02.658 [http-nio-8080-exec-7] INFO  c.SF.quizService.service.QuizService - submitQuizAnswer called with parameters: opMode = 3, sessionId = 46, quizAnswerDto = QuizAnswerDto{quizId=66, studentAnswer=4}
2025-03-11 21:48:03.793 [http-nio-8080-exec-9] INFO  c.SF.quizService.service.QuizService - submitQuizAnswer called with parameters: opMode = 3, sessionId = 46, quizAnswerDto = QuizAnswerDto{quizId=65, studentAnswer=4}
2025-03-11 21:48:04.370 [http-nio-8080-exec-3] INFO  c.SF.quizService.service.QuizService - submitQuizAnswer called with parameters: opMode = 3, sessionId = 46, quizAnswerDto = QuizAnswerDto{quizId=73, studentAnswer=4}
2025-03-11 21:48:04.965 [http-nio-8080-exec-2] INFO  c.SF.quizService.service.QuizService - endQuizSession called with parameters: opMode = 2, sessionId = 46
2025-03-11 21:48:05.794 [http-nio-8080-exec-1] INFO  c.SF.quizService.service.QuizService - viewQuizReport called with parameters: opMode = 4, sessionId = 46
2025-03-11 21:48:05.798 [http-nio-8080-exec-1] INFO  c.SF.quizService.service.QuizService - getQuizAnalysis called with parameters: opMode = 5, sessionId = 46
2025-03-11 21:48:08.726 [http-nio-8080-exec-1] INFO  c.S.q.service.QuizAIService - Quiz Report Analysis generated with cost: Prompt Tokens: 422, Response Tokens: 57, Total Tokens: 479
2025-03-11 21:48:08.726 [http-nio-8080-exec-1] INFO  c.SF.quizService.service.QuizService - insertQuizAnalysis called with parameters: opMode = 6, sessionId = 46 and analysis
2025-03-11 21:48:10.445 [http-nio-8080-exec-8] INFO  c.SF.quizService.service.QuizService - viewQuizReport called with parameters: opMode = 4, sessionId = 46
2025-03-11 21:48:10.447 [http-nio-8080-exec-8] INFO  c.SF.quizService.service.QuizService - getQuizAnalysis called with parameters: opMode = 5, sessionId = 46
2025-03-11 21:51:58.573 [http-nio-8080-exec-6] INFO  c.SF.quizService.service.QuizService - getQuestionsBySubtopic called with parameters: opMode = 7, subtopicId = 1
2025-03-11 21:51:58.600 [http-nio-8080-exec-6] INFO  c.SF.quizService.service.QuizService - getSubtopicNameBySubtopicId called with parameters: opMode = 4, subtopicId = 1
2025-03-11 21:52:30.775 [http-nio-8080-exec-7] INFO  c.SF.quizService.service.QuizService - getQuestionsBySubtopic called with parameters: opMode = 7, subtopicId = 1
2025-03-11 21:52:30.784 [http-nio-8080-exec-7] INFO  c.SF.quizService.service.QuizService - getSubtopicNameBySubtopicId called with parameters: opMode = 4, subtopicId = 1
2025-03-11 21:52:33.180 [http-nio-8080-exec-9] INFO  c.SF.quizService.service.QuizService - startQuizSession called with parameters: opMode = 1, studentId = 1
2025-03-11 21:52:34.598 [http-nio-8080-exec-3] INFO  c.SF.quizService.service.QuizService - submitQuizAnswer called with parameters: opMode = 3, sessionId = 47, quizAnswerDto = QuizAnswerDto{quizId=62, studentAnswer=4}
2025-03-11 21:52:35.128 [http-nio-8080-exec-10] INFO  c.SF.quizService.service.QuizService - submitQuizAnswer called with parameters: opMode = 3, sessionId = 47, quizAnswerDto = QuizAnswerDto{quizId=70, studentAnswer=4}
2025-03-11 21:52:35.687 [http-nio-8080-exec-2] INFO  c.SF.quizService.service.QuizService - submitQuizAnswer called with parameters: opMode = 3, sessionId = 47, quizAnswerDto = QuizAnswerDto{quizId=71, studentAnswer=4}
2025-03-11 21:52:36.200 [http-nio-8080-exec-1] INFO  c.SF.quizService.service.QuizService - submitQuizAnswer called with parameters: opMode = 3, sessionId = 47, quizAnswerDto = QuizAnswerDto{quizId=73, studentAnswer=4}
2025-03-11 21:52:36.772 [http-nio-8080-exec-8] INFO  c.SF.quizService.service.QuizService - submitQuizAnswer called with parameters: opMode = 3, sessionId = 47, quizAnswerDto = QuizAnswerDto{quizId=74, studentAnswer=4}
2025-03-11 21:52:37.332 [http-nio-8080-exec-4] INFO  c.SF.quizService.service.QuizService - submitQuizAnswer called with parameters: opMode = 3, sessionId = 47, quizAnswerDto = QuizAnswerDto{quizId=67, studentAnswer=4}
2025-03-11 21:52:37.900 [http-nio-8080-exec-5] INFO  c.SF.quizService.service.QuizService - submitQuizAnswer called with parameters: opMode = 3, sessionId = 47, quizAnswerDto = QuizAnswerDto{quizId=69, studentAnswer=4}
2025-03-11 21:52:38.585 [http-nio-8080-exec-6] INFO  c.SF.quizService.service.QuizService - endQuizSession called with parameters: opMode = 2, sessionId = 47
2025-03-11 21:52:39.545 [http-nio-8080-exec-7] INFO  c.SF.quizService.service.QuizService - viewQuizReport called with parameters: opMode = 4, sessionId = 47
2025-03-11 21:52:39.549 [http-nio-8080-exec-7] INFO  c.SF.quizService.service.QuizService - getQuizAnalysis called with parameters: opMode = 5, sessionId = 47
2025-03-11 21:52:42.148 [http-nio-8080-exec-7] INFO  c.S.q.service.QuizAIService - Quiz Report Analysis generated with cost: Prompt Tokens: 422, Response Tokens: 61, Total Tokens: 483
2025-03-11 21:52:42.148 [http-nio-8080-exec-7] INFO  c.SF.quizService.service.QuizService - insertQuizAnalysis called with parameters: opMode = 6, sessionId = 47 and analysis
2025-03-11 21:52:55.541 [http-nio-8080-exec-1] INFO  c.SF.quizService.service.QuizService - viewQuizReport called with parameters: opMode = 4, sessionId = 47
2025-03-11 21:52:55.545 [http-nio-8080-exec-1] INFO  c.SF.quizService.service.QuizService - getQuizAnalysis called with parameters: opMode = 5, sessionId = 47
2025-03-13 14:59:55.122 [restartedMain] INFO  c.S.q.QuizServiceApplication - Starting QuizServiceApplication using Java 23.0.1 with PID 15080 (D:\SpringBoot\quizService\target\classes started by arghya in D:\SpringBoot\quizService)
2025-03-13 14:59:55.122 [restartedMain] INFO  c.S.q.QuizServiceApplication - No active profile set, falling back to 1 default profile: "default"
2025-03-13 15:00:00.999 [restartedMain] INFO  c.S.q.QuizServiceApplication - Started QuizServiceApplication in 6.323 seconds (process running for 7.213)
2025-03-13 15:01:07.729 [http-nio-8080-exec-1] INFO  c.SF.quizService.service.QuizService - getQuestionsBySubtopic called with parameters: opMode = 7, subtopicId = 1
2025-03-13 15:01:08.121 [http-nio-8080-exec-1] INFO  c.SF.quizService.service.QuizService - getSubtopicNameBySubtopicId called with parameters: opMode = 4, subtopicId = 1
2025-03-13 15:01:09.068 [http-nio-8080-exec-2] INFO  c.SF.quizService.service.QuizService - startQuizSession called with parameters: opMode = 1, studentId = 1
2025-03-13 15:02:02.763 [http-nio-8080-exec-6] INFO  c.SF.quizService.service.QuizService - getQuestionsBySubtopic called with parameters: opMode = 7, subtopicId = 1
2025-03-13 15:02:02.777 [http-nio-8080-exec-6] INFO  c.SF.quizService.service.QuizService - getSubtopicNameBySubtopicId called with parameters: opMode = 4, subtopicId = 1
2025-03-13 15:02:18.791 [http-nio-8080-exec-5] INFO  c.SF.quizService.service.QuizService - getQuestionsBySubtopic called with parameters: opMode = 7, subtopicId = 1
2025-03-13 15:02:18.816 [http-nio-8080-exec-5] INFO  c.SF.quizService.service.QuizService - getSubtopicNameBySubtopicId called with parameters: opMode = 4, subtopicId = 1
2025-03-13 15:02:21.522 [http-nio-8080-exec-3] INFO  c.SF.quizService.service.QuizService - getQuestionsBySubtopic called with parameters: opMode = 7, subtopicId = 1
2025-03-13 15:02:21.530 [http-nio-8080-exec-3] INFO  c.SF.quizService.service.QuizService - getSubtopicNameBySubtopicId called with parameters: opMode = 4, subtopicId = 1
2025-03-13 15:02:58.790 [http-nio-8080-exec-4] INFO  c.SF.quizService.service.QuizService - getQuestionsBySubtopic called with parameters: opMode = 7, subtopicId = 1
2025-03-13 15:02:58.809 [http-nio-8080-exec-4] INFO  c.SF.quizService.service.QuizService - getSubtopicNameBySubtopicId called with parameters: opMode = 4, subtopicId = 1
2025-03-13 15:02:59.788 [http-nio-8080-exec-8] INFO  c.SF.quizService.service.QuizService - getQuestionsBySubtopic called with parameters: opMode = 7, subtopicId = 1
2025-03-13 15:02:59.802 [http-nio-8080-exec-8] INFO  c.SF.quizService.service.QuizService - getSubtopicNameBySubtopicId called with parameters: opMode = 4, subtopicId = 1
2025-03-13 15:03:03.864 [http-nio-8080-exec-9] INFO  c.SF.quizService.service.QuizService - getQuestionsBySubtopic called with parameters: opMode = 7, subtopicId = 1
2025-03-13 15:03:03.876 [http-nio-8080-exec-9] INFO  c.SF.quizService.service.QuizService - getSubtopicNameBySubtopicId called with parameters: opMode = 4, subtopicId = 1
2025-03-13 15:03:05.677 [http-nio-8080-exec-10] INFO  c.SF.quizService.service.QuizService - startQuizSession called with parameters: opMode = 1, studentId = 1
2025-03-13 15:03:08.830 [http-nio-8080-exec-2] INFO  c.SF.quizService.service.QuizService - submitQuizAnswer called with parameters: opMode = 3, sessionId = 49, quizAnswerDto = QuizAnswerDto{quizId=69, studentAnswer=4}
2025-03-13 15:03:10.920 [http-nio-8080-exec-6] INFO  c.SF.quizService.service.QuizService - submitQuizAnswer called with parameters: opMode = 3, sessionId = 49, quizAnswerDto = QuizAnswerDto{quizId=71, studentAnswer=4}
2025-03-13 15:03:12.891 [http-nio-8080-exec-7] INFO  c.SF.quizService.service.QuizService - submitQuizAnswer called with parameters: opMode = 3, sessionId = 49, quizAnswerDto = QuizAnswerDto{quizId=66, studentAnswer=4}
2025-03-13 15:03:14.951 [http-nio-8080-exec-5] INFO  c.SF.quizService.service.QuizService - submitQuizAnswer called with parameters: opMode = 3, sessionId = 49, quizAnswerDto = QuizAnswerDto{quizId=68, studentAnswer=4}
2025-03-13 15:03:16.846 [http-nio-8080-exec-3] INFO  c.SF.quizService.service.QuizService - submitQuizAnswer called with parameters: opMode = 3, sessionId = 49, quizAnswerDto = QuizAnswerDto{quizId=75, studentAnswer=4}
2025-03-13 15:03:18.571 [http-nio-8080-exec-4] INFO  c.SF.quizService.service.QuizService - submitQuizAnswer called with parameters: opMode = 3, sessionId = 49, quizAnswerDto = QuizAnswerDto{quizId=67, studentAnswer=4}
2025-03-13 15:03:20.620 [http-nio-8080-exec-8] INFO  c.SF.quizService.service.QuizService - submitQuizAnswer called with parameters: opMode = 3, sessionId = 49, quizAnswerDto = QuizAnswerDto{quizId=74, studentAnswer=4}
2025-03-13 15:03:22.694 [http-nio-8080-exec-10] INFO  c.SF.quizService.service.QuizService - endQuizSession called with parameters: opMode = 2, sessionId = 49
2025-03-13 15:03:24.065 [http-nio-8080-exec-1] INFO  c.SF.quizService.service.QuizService - viewQuizReport called with parameters: opMode = 4, sessionId = 49
2025-03-13 15:03:24.085 [http-nio-8080-exec-1] INFO  c.SF.quizService.service.QuizService - getQuizAnalysis called with parameters: opMode = 5, sessionId = 49
2025-03-13 15:03:28.568 [http-nio-8080-exec-1] INFO  c.S.q.service.QuizAIService - Quiz Report Analysis generated with cost: Prompt Tokens: 416, Response Tokens: 73, Total Tokens: 489
2025-03-13 15:03:28.568 [http-nio-8080-exec-1] INFO  c.SF.quizService.service.QuizService - insertQuizAnalysis called with parameters: opMode = 6, sessionId = 49 and analysis
2025-03-13 15:03:31.088 [http-nio-8080-exec-2] INFO  c.SF.quizService.service.QuizService - viewQuizReport called with parameters: opMode = 4, sessionId = 49
2025-03-13 15:03:31.097 [http-nio-8080-exec-2] INFO  c.SF.quizService.service.QuizService - getQuizAnalysis called with parameters: opMode = 5, sessionId = 49
